<?xml version="1.0" encoding="UTF-8"?>
<testng-results ignored="0" total="3" passed="2" failed="1" skipped="0">
  <reporter-output>
  </reporter-output>
  <suite started-at="2021-02-04T11:34:38Z" name="Default suite" finished-at="2021-02-04T11:35:25Z" duration-ms="46781">
    <groups>
    </groups>
    <test started-at="2021-02-04T11:34:38Z" name="Default test" finished-at="2021-02-04T11:35:25Z" duration-ms="46781">
      <class name="HSPM.Admin.Testcase.loginTestcase">
        <test-method is-config="true" signature="startup()[pri:0, instance:HSPM.Admin.Testcase.loginTestcase@5890e879]" started-at="2021-02-04T11:34:38Z" name="startup" finished-at="2021-02-04T11:34:51Z" duration-ms="13196" status="PASS">
          <reporter-output>
          </reporter-output>
        </test-method> <!-- startup -->
        <test-method signature="checkpagetitle()[pri:1, instance:HSPM.Admin.Testcase.loginTestcase@5890e879]" started-at="2021-02-04T11:34:51Z" name="checkpagetitle" finished-at="2021-02-04T11:34:51Z" duration-ms="35" status="FAIL">
          <exception class="java.lang.AssertionError">
            <message>
              <![CDATA[expected [Smart Hospital : Hospital Management System] but found [Smart Hospital and Research]]]>
            </message>
            <full-stacktrace>
              <![CDATA[java.lang.AssertionError: expected [Smart Hospital : Hospital Management System] but found [Smart Hospital and Research]
at org.testng.Assert.fail(Assert.java:96)
at org.testng.Assert.failNotEquals(Assert.java:776)
at org.testng.Assert.assertEqualsImpl(Assert.java:137)
at org.testng.Assert.assertEquals(Assert.java:118)
at org.testng.Assert.assertEquals(Assert.java:453)
at org.testng.Assert.assertEquals(Assert.java:463)
at HSPM.Admin.Testcase.loginTestcase.checkpagetitle(loginTestcase.java:31)
at java.base/jdk.internal.reflect.NativeMethodAccessorImpl.invoke0(Native Method)
at java.base/jdk.internal.reflect.NativeMethodAccessorImpl.invoke(NativeMethodAccessorImpl.java:64)
at java.base/jdk.internal.reflect.DelegatingMethodAccessorImpl.invoke(DelegatingMethodAccessorImpl.java:43)
at java.base/java.lang.reflect.Method.invoke(Method.java:564)
at org.testng.internal.MethodInvocationHelper.invokeMethod(MethodInvocationHelper.java:124)
at org.testng.internal.Invoker.invokeMethod(Invoker.java:583)
at org.testng.internal.Invoker.invokeTestMethod(Invoker.java:719)
at org.testng.internal.Invoker.invokeTestMethods(Invoker.java:989)
at org.testng.internal.TestMethodWorker.invokeTestMethods(TestMethodWorker.java:125)
at org.testng.internal.TestMethodWorker.run(TestMethodWorker.java:109)
at org.testng.TestRunner.privateRun(TestRunner.java:648)
at org.testng.TestRunner.run(TestRunner.java:505)
at org.testng.SuiteRunner.runTest(SuiteRunner.java:455)
at org.testng.SuiteRunner.runSequentially(SuiteRunner.java:450)
at org.testng.SuiteRunner.privateRun(SuiteRunner.java:415)
at org.testng.SuiteRunner.run(SuiteRunner.java:364)
at org.testng.SuiteRunnerWorker.runSuite(SuiteRunnerWorker.java:52)
at org.testng.SuiteRunnerWorker.run(SuiteRunnerWorker.java:84)
at org.testng.TestNG.runSuitesSequentially(TestNG.java:1208)
at org.testng.TestNG.runSuitesLocally(TestNG.java:1137)
at org.testng.TestNG.runSuites(TestNG.java:1049)
at org.testng.TestNG.run(TestNG.java:1017)
at org.testng.remote.AbstractRemoteTestNG.run(AbstractRemoteTestNG.java:115)
at org.testng.remote.RemoteTestNG.initAndRun(RemoteTestNG.java:251)
at org.testng.remote.RemoteTestNG.main(RemoteTestNG.java:77)
]]>
            </full-stacktrace>
          </exception> <!-- java.lang.AssertionError -->
          <reporter-output>
          </reporter-output>
        </test-method> <!-- checkpagetitle -->
        <test-method is-config="true" signature="startup()[pri:0, instance:HSPM.Admin.Testcase.loginTestcase@5890e879]" started-at="2021-02-04T11:34:51Z" name="startup" finished-at="2021-02-04T11:35:01Z" duration-ms="9687" status="PASS">
          <reporter-output>
          </reporter-output>
        </test-method> <!-- startup -->
        <test-method signature="checklogo()[pri:2, instance:HSPM.Admin.Testcase.loginTestcase@5890e879]" started-at="2021-02-04T11:35:01Z" name="checklogo" finished-at="2021-02-04T11:35:01Z" duration-ms="116" status="PASS">
          <reporter-output>
          </reporter-output>
        </test-method> <!-- checklogo -->
        <test-method is-config="true" signature="startup()[pri:0, instance:HSPM.Admin.Testcase.loginTestcase@5890e879]" started-at="2021-02-04T11:35:01Z" name="startup" finished-at="2021-02-04T11:35:10Z" duration-ms="8910" status="PASS">
          <reporter-output>
          </reporter-output>
        </test-method> <!-- startup -->
        <test-method signature="applogin()[pri:3, instance:HSPM.Admin.Testcase.loginTestcase@5890e879]" started-at="2021-02-04T11:35:10Z" name="applogin" finished-at="2021-02-04T11:35:24Z" duration-ms="13509" status="PASS">
          <reporter-output>
          </reporter-output>
        </test-method> <!-- applogin -->
        <test-method is-config="true" signature="tearDown()[pri:0, instance:HSPM.Admin.Testcase.loginTestcase@5890e879]" started-at="2021-02-04T11:35:24Z" name="tearDown" finished-at="2021-02-04T11:35:25Z" duration-ms="1216" status="PASS">
          <reporter-output>
          </reporter-output>
        </test-method> <!-- tearDown -->
      </class> <!-- HSPM.Admin.Testcase.loginTestcase -->
    </test> <!-- Default test -->
  </suite> <!-- Default suite -->
</testng-results>
